<?xml version="1.0" encoding="UTF-8"?>
<!-- Generated by org.testng.reporters.JUnitXMLReporter -->
<testsuite hostname="Kasi" ignored="4" tests="0" failures="0" timestamp="31 May 2019 05:32:19 GMT" time="0.012" errors="0">
  <testcase name="test1" time="0.0" classname="Demo.TestNGgroups">
    <ignored/>
  </testcase> <!-- test1 -->
  <testcase name="test3" time="0.0" classname="Demo.TestNGgroups">
    <ignored/>
  </testcase> <!-- test3 -->
  <testcase name="test4" time="0.0" classname="Demo.TestNGgroups">
    <ignored/>
  </testcase> <!-- test4 -->
  <testcase name="test2" time="0.0" classname="Demo.TestNGgroups">
    <ignored/>
  </testcase> <!-- test2 -->
</testsuite>
